Build started 2/9/2015 8:41:35 AM.
     1>Project "C:\Users\Kevin\Desktop\Lab6\build\dependencies\glfw\src\glfw.vcxproj" on node 2 (Build target(s)).
     1>CustomBuild:
         Building Custom Rule C:/Users/Kevin/Desktop/Lab6/dependencies/glfw/src/CMakeLists.txt
         CMake does not need to re-run because C:\Users\Kevin\Desktop\Lab6\build\dependencies\glfw\src\CMakeFiles\generate.stamp is up-to-date.
       ClCompile:
         C:\Program Files (x86)\VC\bin\x86_amd64\CL.exe /c /IC:\Users\Kevin\Desktop\Lab6\dependencies\glfw\src /IC:\Users\Kevin\Desktop\Lab6\build\dependencies\glfw\src /Zi /nologo /W3 /WX- /Od /Ob0 /D WIN32 /D _WINDOWS /D _DEBUG /D _CRT_SECURE_NO_WARNINGS /D _GLFW_USE_CONFIG_H /D "CMAKE_INTDIR=\"Debug\"" /D _MBCS /Gm- /RTC1 /MDd /GS /fp:precise /Zc:wchar_t /Zc:forScope /Fo"glfw.dir\Debug\\" /Fd"glfw.dir\Debug\vc120.pdb" /Gd /TC /errorReport:prompt C:\Users\Kevin\Desktop\Lab6\dependencies\glfw\src\context.c C:\Users\Kevin\Desktop\Lab6\dependencies\glfw\src\init.c C:\Users\Kevin\Desktop\Lab6\dependencies\glfw\src\input.c C:\Users\Kevin\Desktop\Lab6\dependencies\glfw\src\monitor.c C:\Users\Kevin\Desktop\Lab6\dependencies\glfw\src\window.c C:\Users\Kevin\Desktop\Lab6\dependencies\glfw\src\win32_init.c C:\Users\Kevin\Desktop\Lab6\dependencies\glfw\src\win32_monitor.c C:\Users\Kevin\Desktop\Lab6\dependencies\glfw\src\win32_time.c C:\Users\Kevin\Desktop\Lab6\dependencies\glfw\src\win32_tls.c C:\Users\Kevin\Desktop\Lab6\dependencies\glfw\src\win32_window.c C:\Users\Kevin\Desktop\Lab6\dependencies\glfw\src\winmm_joystick.c C:\Users\Kevin\Desktop\Lab6\dependencies\glfw\src\wgl_context.c
         context.c
         init.c
         input.c
         monitor.c
         window.c
         win32_init.c
         win32_monitor.c
         win32_time.c
         win32_tls.c
         win32_window.c
         winmm_joystick.c
         wgl_context.c
         Generating Code...
       Lib:
         C:\Program Files (x86)\VC\bin\x86_amd64\Lib.exe /OUT:"C:\Users\Kevin\Desktop\Lab6\build\dependencies\glfw\src\Debug\glfw3.lib" /NOLOGO /MACHINE:X64 glfw.dir\Debug\context.obj
         glfw.dir\Debug\init.obj
         glfw.dir\Debug\input.obj
         glfw.dir\Debug\monitor.obj
         glfw.dir\Debug\window.obj
         glfw.dir\Debug\win32_init.obj
         glfw.dir\Debug\win32_monitor.obj
         glfw.dir\Debug\win32_time.obj
         glfw.dir\Debug\win32_tls.obj
         glfw.dir\Debug\win32_window.obj
         glfw.dir\Debug\winmm_joystick.obj
         glfw.dir\Debug\wgl_context.obj
         glfw.vcxproj -> C:\Users\Kevin\Desktop\Lab6\build\dependencies\glfw\src\Debug\glfw3.lib
     1>Done Building Project "C:\Users\Kevin\Desktop\Lab6\build\dependencies\glfw\src\glfw.vcxproj" (Build target(s)).

Build succeeded.

Time Elapsed 00:00:02.28
